0 silly argv {
0 silly argv   _: [ 'run' ],
0 silly argv   lernaVersion: '6.0.3',
0 silly argv   '$0': '/Users/ewidlund/Projects/alma/node_modules/.bin/lerna',
0 silly argv   script: 'test'
0 silly argv }
1 notice cli v6.0.3
2 verbose rootPath /Users/ewidlund/Projects/alma
3 error JSONError: Unexpected token "/" (0x2F) in JSON at position 253 while parsing near "...source-map\"\n        // \"test\": \"jest\"\n  ..." in packages/alma-web/package.json
3 error
3 error [0m [90m  8 |[39m         [32m"build"[39m[33m:[39m [32m"webpack"[39m[33m,[39m[0m
3 error [0m [90m  9 |[39m         [32m"build:prod"[39m[33m:[39m [32m"webpack --mode=production --devtool=source-map"[39m[0m
3 error [0m[31m[1m>[22m[39m[90m 10 |[39m         [90m// "test": "jest"[39m[0m
3 error [0m [90m    |[39m         [31m[1m^[22m[39m[0m
3 error [0m [90m 11 |[39m     }[33m,[39m[0m
3 error [0m [90m 12 |[39m     [32m"keywords"[39m[33m:[39m [][33m,[39m[0m
3 error [0m [90m 13 |[39m     [32m"author"[39m[33m:[39m [32m""[39m[33m,[39m[0m
3 error
3 error     at parseJson (/Users/ewidlund/Projects/alma/node_modules/parse-json/index.js:29:21)
3 error     at parse (/Users/ewidlund/Projects/alma/node_modules/load-json-file/index.js:15:9)
3 error     at module.exports (/Users/ewidlund/Projects/alma/node_modules/load-json-file/index.js:18:47)
